11:11:54:641  INFO 16652 --- [main] com.hmall.HMallApplication               : Starting HMallApplication using Java 21.0.1 on DellG15-220619 with PID 16652 (D:\Code-Other\hmall\hm-service\target\classes started by 87948 in D:\Code-Other\hmall)
11:11:54:642 DEBUG 16652 --- [main] com.hmall.HMallApplication               : Running with Spring Boot v2.7.12, Spring v5.3.27
11:11:54:643  INFO 16652 --- [main] com.hmall.HMallApplication               : The following 1 profile is active: "local"
11:11:55:262  INFO 16652 --- [main] .s.d.r.c.RepositoryConfigurationDelegate : Multiple Spring Data modules found, entering strict repository configuration mode
11:11:55:264  INFO 16652 --- [main] .s.d.r.c.RepositoryConfigurationDelegate : Bootstrapping Spring Data Redis repositories in DEFAULT mode.
11:11:55:289  INFO 16652 --- [main] .s.d.r.c.RepositoryConfigurationDelegate : Finished Spring Data repository scanning in 10 ms. Found 0 Redis repository interfaces.
11:11:55:767  INFO 16652 --- [main] o.s.b.w.embedded.tomcat.TomcatWebServer  : Tomcat initialized with port(s): 8080 (http)
11:11:55:775  INFO 16652 --- [main] o.apache.catalina.core.StandardService   : Starting service [Tomcat]
11:11:55:775  INFO 16652 --- [main] org.apache.catalina.core.StandardEngine  : Starting Servlet engine: [Apache Tomcat/9.0.75]
11:11:55:866  INFO 16652 --- [main] o.a.c.c.C.[Tomcat].[localhost].[/]       : Initializing Spring embedded WebApplicationContext
11:11:55:866  INFO 16652 --- [main] w.s.c.ServletWebServerApplicationContext : Root WebApplicationContext: initialization completed in 1180 ms
11:11:57:019  INFO 16652 --- [main] pertySourcedRequestMappingHandlerMapping : Mapped URL path [/v2/api-docs] onto method [springfox.documentation.swagger2.web.Swagger2ControllerWebMvc#getDocumentation(String, HttpServletRequest)]
11:11:57:340  INFO 16652 --- [main] o.s.b.w.embedded.tomcat.TomcatWebServer  : Tomcat started on port(s): 8080 (http) with context path ''
11:11:57:341  INFO 16652 --- [main] d.s.w.p.DocumentationPluginsBootstrapper : Documentation plugins bootstrapped
11:11:57:342  INFO 16652 --- [main] d.s.w.p.DocumentationPluginsBootstrapper : Found 1 custom documentation plugin(s)
11:11:57:365  INFO 16652 --- [main] s.d.s.w.s.ApiListingReferenceScanner     : Scanning for api listing references
11:11:57:494  INFO 16652 --- [main] com.hmall.HMallApplication               : Started HMallApplication in 3.171 seconds (JVM running for 4.413)
11:13:23:556  INFO 24372 --- [main] com.hmall.HMallApplication               : Starting HMallApplication using Java 21.0.1 on DellG15-220619 with PID 24372 (D:\Code-Other\hmall\hm-service\target\classes started by 87948 in D:\Code-Other\hmall)
11:13:23:558 DEBUG 24372 --- [main] com.hmall.HMallApplication               : Running with Spring Boot v2.7.12, Spring v5.3.27
11:13:23:559  INFO 24372 --- [main] com.hmall.HMallApplication               : The following 1 profile is active: "local"
11:13:24:085  INFO 24372 --- [main] .s.d.r.c.RepositoryConfigurationDelegate : Multiple Spring Data modules found, entering strict repository configuration mode
11:13:24:087  INFO 24372 --- [main] .s.d.r.c.RepositoryConfigurationDelegate : Bootstrapping Spring Data Redis repositories in DEFAULT mode.
11:13:24:103  INFO 24372 --- [main] .s.d.r.c.RepositoryConfigurationDelegate : Finished Spring Data repository scanning in 8 ms. Found 0 Redis repository interfaces.
11:13:24:496  INFO 24372 --- [main] o.s.b.w.embedded.tomcat.TomcatWebServer  : Tomcat initialized with port(s): 8080 (http)
11:13:24:502  INFO 24372 --- [main] o.apache.catalina.core.StandardService   : Starting service [Tomcat]
11:13:24:502  INFO 24372 --- [main] org.apache.catalina.core.StandardEngine  : Starting Servlet engine: [Apache Tomcat/9.0.75]
11:13:24:588  INFO 24372 --- [main] o.a.c.c.C.[Tomcat].[localhost].[/]       : Initializing Spring embedded WebApplicationContext
11:13:24:589  INFO 24372 --- [main] w.s.c.ServletWebServerApplicationContext : Root WebApplicationContext: initialization completed in 996 ms
11:13:25:632  INFO 24372 --- [main] pertySourcedRequestMappingHandlerMapping : Mapped URL path [/v2/api-docs] onto method [springfox.documentation.swagger2.web.Swagger2ControllerWebMvc#getDocumentation(String, HttpServletRequest)]
11:13:25:891  INFO 24372 --- [main] o.s.b.w.embedded.tomcat.TomcatWebServer  : Tomcat started on port(s): 8080 (http) with context path ''
11:13:25:892  INFO 24372 --- [main] d.s.w.p.DocumentationPluginsBootstrapper : Documentation plugins bootstrapped
11:13:25:894  INFO 24372 --- [main] d.s.w.p.DocumentationPluginsBootstrapper : Found 1 custom documentation plugin(s)
11:13:25:921  INFO 24372 --- [main] s.d.s.w.s.ApiListingReferenceScanner     : Scanning for api listing references
11:13:26:043  INFO 24372 --- [main] com.hmall.HMallApplication               : Started HMallApplication in 2.744 seconds (JVM running for 3.178)
11:13:46:681  INFO 24372 --- [http-nio-8080-exec-1] o.apache.tomcat.util.http.parser.Cookie  : A cookie header was received [budibase:auth=eyJhbGciOiJIUzI1NiIsInR5cCI6IkpXVCJ9.eyJ1c2VySWQiOiJ1c183NjNiNGRjMzNiZTY0MjQ0OTBhYWI0NzIyNGMzYzIxMSIsInNlc3Npb25JZCI6ImEwZjQ0ZWFlMGI5YjRiZTJiODQ5Y2QyZWZlNzcxY2UzIiwidGVuYW50SWQiOiJkZWZhdWx0IiwiaWF0IjoxNzMxNjgwNTExfQ.RLJZn2o8RJGMjvsnroUnLAWwzUW9wzwbaPtV7Yeurfc;] that contained an invalid cookie. That cookie will be ignored.
 Note: further occurrences of this error will be logged at DEBUG level.
11:13:46:688  INFO 24372 --- [http-nio-8080-exec-1] o.a.c.c.C.[Tomcat].[localhost].[/]       : Initializing Spring DispatcherServlet 'dispatcherServlet'
11:13:46:689  INFO 24372 --- [http-nio-8080-exec-1] o.s.web.servlet.DispatcherServlet        : Initializing Servlet 'dispatcherServlet'
11:13:46:689  INFO 24372 --- [http-nio-8080-exec-1] o.s.web.servlet.DispatcherServlet        : Completed initialization in 0 ms
11:13:46:713 ERROR 24372 --- [http-nio-8080-exec-1] o.a.c.c.C.[.[.[/].[dispatcherServlet]    : Servlet.service() for servlet [dispatcherServlet] in context with path [] threw exception [Request processing failed; nested exception is com.hmall.common.exception.UnauthorizedException: 未登录] with root cause

com.hmall.common.exception.UnauthorizedException: 未登录
	at com.hmall.utils.JwtTool.parseToken(JwtTool.java:47) ~[classes/:na]
	at com.hmall.interceptor.LoginInterceptor.preHandle(LoginInterceptor.java:21) ~[classes/:na]
	at org.springframework.web.servlet.HandlerExecutionChain.applyPreHandle(HandlerExecutionChain.java:148) ~[spring-webmvc-5.3.27.jar:5.3.27]
	at org.springframework.web.servlet.DispatcherServlet.doDispatch(DispatcherServlet.java:1067) ~[spring-webmvc-5.3.27.jar:5.3.27]
	at org.springframework.web.servlet.DispatcherServlet.doService(DispatcherServlet.java:965) ~[spring-webmvc-5.3.27.jar:5.3.27]
	at org.springframework.web.servlet.FrameworkServlet.processRequest(FrameworkServlet.java:1006) ~[spring-webmvc-5.3.27.jar:5.3.27]
	at org.springframework.web.servlet.FrameworkServlet.doGet(FrameworkServlet.java:898) ~[spring-webmvc-5.3.27.jar:5.3.27]
	at javax.servlet.http.HttpServlet.service(HttpServlet.java:529) ~[tomcat-embed-core-9.0.75.jar:4.0.FR]
	at org.springframework.web.servlet.FrameworkServlet.service(FrameworkServlet.java:883) ~[spring-webmvc-5.3.27.jar:5.3.27]
	at javax.servlet.http.HttpServlet.service(HttpServlet.java:623) ~[tomcat-embed-core-9.0.75.jar:4.0.FR]
	at org.apache.catalina.core.ApplicationFilterChain.internalDoFilter(ApplicationFilterChain.java:209) ~[tomcat-embed-core-9.0.75.jar:9.0.75]
	at org.apache.catalina.core.ApplicationFilterChain.doFilter(ApplicationFilterChain.java:153) ~[tomcat-embed-core-9.0.75.jar:9.0.75]
	at org.apache.tomcat.websocket.server.WsFilter.doFilter(WsFilter.java:51) ~[tomcat-embed-websocket-9.0.75.jar:9.0.75]
	at org.apache.catalina.core.ApplicationFilterChain.internalDoFilter(ApplicationFilterChain.java:178) ~[tomcat-embed-core-9.0.75.jar:9.0.75]
	at org.apache.catalina.core.ApplicationFilterChain.doFilter(ApplicationFilterChain.java:153) ~[tomcat-embed-core-9.0.75.jar:9.0.75]
	at org.springframework.web.filter.RequestContextFilter.doFilterInternal(RequestContextFilter.java:100) ~[spring-web-5.3.27.jar:5.3.27]
	at org.springframework.web.filter.OncePerRequestFilter.doFilter(OncePerRequestFilter.java:117) ~[spring-web-5.3.27.jar:5.3.27]
	at org.apache.catalina.core.ApplicationFilterChain.internalDoFilter(ApplicationFilterChain.java:178) ~[tomcat-embed-core-9.0.75.jar:9.0.75]
	at org.apache.catalina.core.ApplicationFilterChain.doFilter(ApplicationFilterChain.java:153) ~[tomcat-embed-core-9.0.75.jar:9.0.75]
	at org.springframework.web.filter.FormContentFilter.doFilterInternal(FormContentFilter.java:93) ~[spring-web-5.3.27.jar:5.3.27]
	at org.springframework.web.filter.OncePerRequestFilter.doFilter(OncePerRequestFilter.java:117) ~[spring-web-5.3.27.jar:5.3.27]
	at org.apache.catalina.core.ApplicationFilterChain.internalDoFilter(ApplicationFilterChain.java:178) ~[tomcat-embed-core-9.0.75.jar:9.0.75]
	at org.apache.catalina.core.ApplicationFilterChain.doFilter(ApplicationFilterChain.java:153) ~[tomcat-embed-core-9.0.75.jar:9.0.75]
	at org.springframework.web.filter.CharacterEncodingFilter.doFilterInternal(CharacterEncodingFilter.java:201) ~[spring-web-5.3.27.jar:5.3.27]
	at org.springframework.web.filter.OncePerRequestFilter.doFilter(OncePerRequestFilter.java:117) ~[spring-web-5.3.27.jar:5.3.27]
	at org.apache.catalina.core.ApplicationFilterChain.internalDoFilter(ApplicationFilterChain.java:178) ~[tomcat-embed-core-9.0.75.jar:9.0.75]
	at org.apache.catalina.core.ApplicationFilterChain.doFilter(ApplicationFilterChain.java:153) ~[tomcat-embed-core-9.0.75.jar:9.0.75]
	at org.apache.catalina.core.StandardWrapperValve.invoke(StandardWrapperValve.java:167) ~[tomcat-embed-core-9.0.75.jar:9.0.75]
	at org.apache.catalina.core.StandardContextValve.invoke(StandardContextValve.java:90) ~[tomcat-embed-core-9.0.75.jar:9.0.75]
	at org.apache.catalina.authenticator.AuthenticatorBase.invoke(AuthenticatorBase.java:481) ~[tomcat-embed-core-9.0.75.jar:9.0.75]
	at org.apache.catalina.core.StandardHostValve.invoke(StandardHostValve.java:130) ~[tomcat-embed-core-9.0.75.jar:9.0.75]
	at org.apache.catalina.valves.ErrorReportValve.invoke(ErrorReportValve.java:93) ~[tomcat-embed-core-9.0.75.jar:9.0.75]
	at org.apache.catalina.core.StandardEngineValve.invoke(StandardEngineValve.java:74) ~[tomcat-embed-core-9.0.75.jar:9.0.75]
	at org.apache.catalina.connector.CoyoteAdapter.service(CoyoteAdapter.java:343) ~[tomcat-embed-core-9.0.75.jar:9.0.75]
	at org.apache.coyote.http11.Http11Processor.service(Http11Processor.java:390) ~[tomcat-embed-core-9.0.75.jar:9.0.75]
	at org.apache.coyote.AbstractProcessorLight.process(AbstractProcessorLight.java:63) ~[tomcat-embed-core-9.0.75.jar:9.0.75]
	at org.apache.coyote.AbstractProtocol$ConnectionHandler.process(AbstractProtocol.java:926) ~[tomcat-embed-core-9.0.75.jar:9.0.75]
	at org.apache.tomcat.util.net.NioEndpoint$SocketProcessor.doRun(NioEndpoint.java:1791) ~[tomcat-embed-core-9.0.75.jar:9.0.75]
	at org.apache.tomcat.util.net.SocketProcessorBase.run(SocketProcessorBase.java:52) ~[tomcat-embed-core-9.0.75.jar:9.0.75]
	at org.apache.tomcat.util.threads.ThreadPoolExecutor.runWorker(ThreadPoolExecutor.java:1191) ~[tomcat-embed-core-9.0.75.jar:9.0.75]
	at org.apache.tomcat.util.threads.ThreadPoolExecutor$Worker.run(ThreadPoolExecutor.java:659) ~[tomcat-embed-core-9.0.75.jar:9.0.75]
	at org.apache.tomcat.util.threads.TaskThread$WrappingRunnable.run(TaskThread.java:61) ~[tomcat-embed-core-9.0.75.jar:9.0.75]
	at java.base/java.lang.Thread.run(Thread.java:1583) ~[na:na]

11:14:24:328  INFO 24372 --- [http-nio-8080-exec-10] com.zaxxer.hikari.HikariDataSource       : HikariPool-1 - Starting...
11:14:24:946  INFO 24372 --- [http-nio-8080-exec-10] com.zaxxer.hikari.HikariDataSource       : HikariPool-1 - Start completed.
11:14:24:966 DEBUG 24372 --- [http-nio-8080-exec-10] c.h.m.ItemMapper.selectPage_mpCount      : ==>  Preparing: SELECT COUNT(*) FROM item
11:14:25:013 DEBUG 24372 --- [http-nio-8080-exec-10] c.h.m.ItemMapper.selectPage_mpCount      : ==> Parameters: 
11:14:25:099 DEBUG 24372 --- [http-nio-8080-exec-10] c.h.m.ItemMapper.selectPage_mpCount      : <==      Total: 1
11:14:25:129 DEBUG 24372 --- [http-nio-8080-exec-10] com.hmall.mapper.ItemMapper.selectPage   : ==>  Preparing: SELECT id, name, price, stock, image, category, brand, spec, sold, comment_count, isAD, status, create_time, update_time, creater, updater FROM item ORDER BY update_time DESC LIMIT ?
11:14:25:134 DEBUG 24372 --- [http-nio-8080-exec-10] com.hmall.mapper.ItemMapper.selectPage   : ==> Parameters: 20(Long)
11:14:25:159 DEBUG 24372 --- [http-nio-8080-exec-10] com.hmall.mapper.ItemMapper.selectPage   : <==      Total: 20
11:14:48:187  INFO 24372 --- [SpringApplicationShutdownHook] com.zaxxer.hikari.HikariDataSource       : HikariPool-1 - Shutdown initiated...
11:14:48:202  INFO 24372 --- [SpringApplicationShutdownHook] com.zaxxer.hikari.HikariDataSource       : HikariPool-1 - Shutdown completed.
11:14:58:340  INFO 23604 --- [main] com.hmall.HMallApplication               : Starting HMallApplication using Java 21.0.1 on DellG15-220619 with PID 23604 (D:\Code-Other\hmall\hm-service\target\classes started by 87948 in D:\Code-Other\hmall)
11:14:58:341 DEBUG 23604 --- [main] com.hmall.HMallApplication               : Running with Spring Boot v2.7.12, Spring v5.3.27
11:14:58:342  INFO 23604 --- [main] com.hmall.HMallApplication               : The following 1 profile is active: "local"
11:14:58:879  INFO 23604 --- [main] .s.d.r.c.RepositoryConfigurationDelegate : Multiple Spring Data modules found, entering strict repository configuration mode
11:14:58:881  INFO 23604 --- [main] .s.d.r.c.RepositoryConfigurationDelegate : Bootstrapping Spring Data Redis repositories in DEFAULT mode.
11:14:58:899  INFO 23604 --- [main] .s.d.r.c.RepositoryConfigurationDelegate : Finished Spring Data repository scanning in 9 ms. Found 0 Redis repository interfaces.
11:14:59:278  INFO 23604 --- [main] o.s.b.w.embedded.tomcat.TomcatWebServer  : Tomcat initialized with port(s): 8080 (http)
11:14:59:284  INFO 23604 --- [main] o.apache.catalina.core.StandardService   : Starting service [Tomcat]
11:14:59:284  INFO 23604 --- [main] org.apache.catalina.core.StandardEngine  : Starting Servlet engine: [Apache Tomcat/9.0.75]
11:14:59:371  INFO 23604 --- [main] o.a.c.c.C.[Tomcat].[localhost].[/]       : Initializing Spring embedded WebApplicationContext
11:14:59:371  INFO 23604 --- [main] w.s.c.ServletWebServerApplicationContext : Root WebApplicationContext: initialization completed in 993 ms
11:15:00:365  INFO 23604 --- [main] pertySourcedRequestMappingHandlerMapping : Mapped URL path [/v2/api-docs] onto method [springfox.documentation.swagger2.web.Swagger2ControllerWebMvc#getDocumentation(String, HttpServletRequest)]
11:15:00:635  INFO 23604 --- [main] o.s.b.w.embedded.tomcat.TomcatWebServer  : Tomcat started on port(s): 8080 (http) with context path ''
11:15:00:635  INFO 23604 --- [main] d.s.w.p.DocumentationPluginsBootstrapper : Documentation plugins bootstrapped
11:15:00:637  INFO 23604 --- [main] d.s.w.p.DocumentationPluginsBootstrapper : Found 1 custom documentation plugin(s)
11:15:00:659  INFO 23604 --- [main] s.d.s.w.s.ApiListingReferenceScanner     : Scanning for api listing references
11:15:00:790  INFO 23604 --- [main] com.hmall.HMallApplication               : Started HMallApplication in 2.723 seconds (JVM running for 3.145)
